TN:
SF:src/UniswapV2ERC20.sol
DA:18,18
FN:18,UniswapV2ERC20.constructor
FNDA:18,UniswapV2ERC20.constructor
DA:19,18
DA:21,18
DA:23,18
DA:34,32
FN:34,UniswapV2ERC20._mint
FNDA:32,UniswapV2ERC20._mint
DA:35,32
DA:36,32
DA:37,32
DA:40,7
FN:40,UniswapV2ERC20._burn
FNDA:7,UniswapV2ERC20._burn
DA:41,7
DA:42,7
DA:43,7
DA:46,6
FN:46,UniswapV2ERC20._approve
FNDA:6,UniswapV2ERC20._approve
DA:47,6
DA:48,6
DA:51,10
FN:51,UniswapV2ERC20._transfer
FNDA:10,UniswapV2ERC20._transfer
DA:52,10
DA:53,10
DA:54,10
DA:57,3
FN:57,UniswapV2ERC20.approve
FNDA:3,UniswapV2ERC20.approve
DA:58,3
DA:59,3
DA:62,4
FN:62,UniswapV2ERC20.transfer
FNDA:4,UniswapV2ERC20.transfer
DA:63,4
DA:64,4
DA:67,6
FN:67,UniswapV2ERC20.transferFrom
FNDA:6,UniswapV2ERC20.transferFrom
DA:68,6
BRDA:68,0,0,6
DA:69,6
DA:71,6
DA:72,6
DA:75,3
FN:75,UniswapV2ERC20.permit
FNDA:3,UniswapV2ERC20.permit
DA:76,3
BRDA:76,1,0,-
BRDA:76,1,1,3
DA:77,3
DA:84,3
DA:85,3
BRDA:85,2,0,-
BRDA:85,2,1,3
DA:86,3
FNF:9
FNH:9
LF:36
LH:36
BRF:5
BRH:3
end_of_record
TN:
SF:src/UniswapV2Factory.sol
DA:13,20
FN:13,UniswapV2Factory.constructor
FNDA:20,UniswapV2Factory.constructor
DA:14,20
DA:17,1
FN:17,UniswapV2Factory.allPairsLength
FNDA:1,UniswapV2Factory.allPairsLength
DA:18,1
DA:21,19
FN:21,UniswapV2Factory.createPair
FNDA:19,UniswapV2Factory.createPair
DA:22,19
BRDA:22,0,0,-
BRDA:22,0,1,19
DA:23,19
DA:24,19
BRDA:24,1,0,-
BRDA:24,1,1,19
DA:25,19
BRDA:25,2,0,1
BRDA:25,2,1,18
DA:26,18
DA:27,18
DA:29,18
DA:31,18
DA:32,18
DA:33,18
DA:34,18
DA:37,2
FN:37,UniswapV2Factory.setFeeTo
FNDA:2,UniswapV2Factory.setFeeTo
DA:38,2
BRDA:38,3,0,1
BRDA:38,3,1,1
DA:39,1
DA:42,0
FN:42,UniswapV2Factory.setFeeToSetter
FNDA:0,UniswapV2Factory.setFeeToSetter
DA:43,0
BRDA:43,4,0,-
BRDA:43,4,1,-
DA:44,0
FNF:5
FNH:4
LF:22
LH:19
BRF:10
BRH:6
end_of_record
TN:
SF:src/UniswapV2Pair.sol
DA:32,7
FN:32,UniswapV2Pair.lock
FNDA:7,UniswapV2Pair.lock
DA:33,7
BRDA:33,0,0,-
BRDA:33,0,1,-
DA:34,7
DA:36,7
DA:39,19
FN:39,UniswapV2Pair.getReserves
FNDA:19,UniswapV2Pair.getReserves
DA:40,49
DA:41,49
DA:42,49
DA:45,21
FN:45,UniswapV2Pair._safeTransfer
FNDA:21,UniswapV2Pair._safeTransfer
DA:46,21
DA:47,21
BRDA:47,1,0,-
BRDA:47,1,1,21
DA:50,18
FN:50,UniswapV2Pair.constructor
FNDA:18,UniswapV2Pair.constructor
DA:51,18
DA:55,18
FN:55,UniswapV2Pair.initialize
FNDA:18,UniswapV2Pair.initialize
DA:56,18
BRDA:56,2,0,-
BRDA:56,2,1,18
DA:57,18
DA:58,18
DA:62,30
FN:62,UniswapV2Pair._update
FNDA:30,UniswapV2Pair._update
DA:63,30
BRDA:63,3,0,-
BRDA:63,3,1,30
DA:64,30
DA:65,30
DA:66,30
BRDA:66,4,0,-
DA:68,0
DA:69,0
DA:71,30
DA:72,30
DA:73,30
DA:77,23
FN:77,UniswapV2Pair._mintFee
FNDA:23,UniswapV2Pair._mintFee
DA:78,23
DA:79,23
DA:80,23
DA:81,0
BRDA:81,5,0,-
BRDA:81,5,1,23
DA:82,0
BRDA:82,6,0,-
DA:83,0
DA:84,0
DA:85,0
BRDA:85,7,0,-
DA:86,0
DA:87,0
DA:88,0
DA:89,0
BRDA:89,8,0,-
DA:92,23
BRDA:92,9,0,-
DA:93,0
DA:98,16
FN:98,UniswapV2Pair.mint
FNDA:16,UniswapV2Pair.mint
DA:99,16
DA:100,16
DA:101,16
DA:102,16
DA:103,16
DA:105,16
DA:106,16
DA:107,16
BRDA:107,10,0,16
BRDA:107,10,1,-
DA:108,16
DA:109,16
DA:111,0
DA:113,16
BRDA:113,11,0,-
BRDA:113,11,1,16
DA:114,16
DA:116,16
DA:117,0
BRDA:117,12,0,-
DA:121,7
FN:121,UniswapV2Pair.burn
FNDA:7,UniswapV2Pair.burn
DA:122,7
DA:123,7
DA:124,7
DA:125,7
DA:126,7
DA:127,7
DA:129,7
DA:130,7
DA:131,7
DA:132,7
DA:133,7
BRDA:133,13,0,-
BRDA:133,13,1,7
DA:134,7
DA:135,7
DA:136,7
DA:137,7
DA:138,7
DA:140,7
DA:141,0
BRDA:141,14,0,-
DA:145,7
FN:145,UniswapV2Pair.swap
FNDA:7,UniswapV2Pair.swap
DA:146,7
BRDA:146,15,0,-
BRDA:146,15,1,7
DA:147,7
DA:148,7
BRDA:148,16,0,-
BRDA:148,16,1,7
DA:150,7
DA:151,7
DA:153,7
DA:154,7
DA:155,7
BRDA:155,17,0,-
BRDA:155,17,1,7
DA:156,7
BRDA:156,18,0,2
DA:157,7
BRDA:157,19,0,5
DA:158,7
BRDA:158,20,0,-
DA:159,7
DA:160,7
DA:162,7
DA:163,7
DA:164,7
BRDA:164,21,0,-
BRDA:164,21,1,7
DA:166,7
DA:167,7
DA:168,7
BRDA:168,22,0,-
BRDA:168,22,1,7
DA:171,7
DA:175,0
FN:175,UniswapV2Pair.skim
FNDA:0,UniswapV2Pair.skim
DA:176,0
DA:177,0
DA:178,0
DA:179,0
DA:183,0
FN:183,UniswapV2Pair.sync
FNDA:0,UniswapV2Pair.sync
DA:184,0
FNF:12
FNH:10
LF:105
LH:83
BRF:36
BRH:14
end_of_record
TN:
SF:src/UniswapV2Router02.sol
DA:15,2
FN:15,UniswapV2Router02.ensure
FNDA:2,UniswapV2Router02.ensure
DA:16,2
BRDA:16,0,0,-
BRDA:16,0,1,1
DA:20,13
FN:20,UniswapV2Router02.constructor
FNDA:13,UniswapV2Router02.constructor
DA:21,13
DA:22,13
DA:25,6
FN:25,UniswapV2Router02.receive
FNDA:6,UniswapV2Router02.receive
DA:26,6
DA:30,13
FN:30,UniswapV2Router02._addLiquidity
FNDA:13,UniswapV2Router02._addLiquidity
DA:39,13
BRDA:39,1,0,13
DA:40,13
DA:42,13
DA:43,13
BRDA:43,2,0,13
BRDA:43,2,1,-
DA:44,13
DA:46,0
DA:47,0
BRDA:47,3,0,-
BRDA:47,3,1,-
DA:48,0
BRDA:48,4,0,-
BRDA:48,4,1,-
DA:49,0
DA:51,0
DA:52,0
DA:53,0
BRDA:53,5,0,-
BRDA:53,5,1,-
DA:54,0
DA:58,5
FN:58,UniswapV2Router02.addLiquidity
FNDA:5,UniswapV2Router02.addLiquidity
DA:68,5
DA:69,5
DA:70,5
DA:71,5
DA:72,5
DA:74,8
FN:74,UniswapV2Router02.addLiquidityETH
FNDA:8,UniswapV2Router02.addLiquidityETH
DA:82,8
DA:90,8
DA:91,8
DA:92,8
DA:93,8
DA:94,8
DA:96,8
BRDA:96,6,0,-
DA:100,1
FN:100,UniswapV2Router02.removeLiquidity
FNDA:1,UniswapV2Router02.removeLiquidity
DA:109,6
DA:110,6
DA:111,6
DA:112,6
DA:113,6
DA:114,6
BRDA:114,7,0,-
BRDA:114,7,1,6
DA:115,6
BRDA:115,8,0,-
BRDA:115,8,1,6
DA:117,1
FN:117,UniswapV2Router02.removeLiquidityETH
FNDA:1,UniswapV2Router02.removeLiquidityETH
DA:125,2
DA:134,2
DA:135,2
DA:136,2
DA:138,1
FN:138,UniswapV2Router02.removeLiquidityWithPermit
FNDA:1,UniswapV2Router02.removeLiquidityWithPermit
DA:148,1
DA:149,1
DA:150,1
DA:151,1
DA:153,1
FN:153,UniswapV2Router02.removeLiquidityETHWithPermit
FNDA:1,UniswapV2Router02.removeLiquidityETHWithPermit
DA:162,1
DA:163,1
DA:164,1
DA:165,1
DA:169,1
FN:169,UniswapV2Router02.removeLiquidityETHSupportingFeeOnTransferTokens
FNDA:1,UniswapV2Router02.removeLiquidityETHSupportingFeeOnTransferTokens
DA:177,2
DA:186,2
DA:187,2
DA:188,2
DA:190,1
FN:190,UniswapV2Router02.removeLiquidityETHWithPermitSupportingFeeOnTransferTokens
FNDA:1,UniswapV2Router02.removeLiquidityETHWithPermitSupportingFeeOnTransferTokens
DA:199,1
DA:200,1
DA:201,1
DA:202,1
DA:209,6
FN:209,UniswapV2Router02._swap
FNDA:6,UniswapV2Router02._swap
DA:210,6
DA:211,6
DA:212,6
DA:213,6
DA:214,6
DA:215,6
DA:216,6
DA:221,1
FN:221,UniswapV2Router02.swapExactTokensForTokens
FNDA:1,UniswapV2Router02.swapExactTokensForTokens
DA:228,1
DA:229,1
BRDA:229,9,0,-
BRDA:229,9,1,1
DA:230,1
DA:233,1
DA:235,1
FN:235,UniswapV2Router02.swapTokensForExactTokens
FNDA:1,UniswapV2Router02.swapTokensForExactTokens
DA:242,1
DA:243,1
BRDA:243,10,0,-
BRDA:243,10,1,1
DA:244,1
DA:247,1
DA:249,1
FN:249,UniswapV2Router02.swapExactETHForTokens
FNDA:1,UniswapV2Router02.swapExactETHForTokens
DA:257,1
BRDA:257,11,0,-
BRDA:257,11,1,1
DA:258,1
DA:259,1
BRDA:259,12,0,-
BRDA:259,12,1,1
DA:260,1
DA:261,1
DA:262,1
DA:264,1
FN:264,UniswapV2Router02.swapTokensForExactETH
FNDA:1,UniswapV2Router02.swapTokensForExactETH
DA:271,1
BRDA:271,13,0,-
BRDA:271,13,1,1
DA:272,1
DA:273,1
BRDA:273,14,0,-
BRDA:273,14,1,1
DA:274,1
DA:277,1
DA:278,1
DA:279,1
DA:281,1
FN:281,UniswapV2Router02.swapExactTokensForETH
FNDA:1,UniswapV2Router02.swapExactTokensForETH
DA:288,1
BRDA:288,15,0,-
BRDA:288,15,1,1
DA:289,1
DA:290,1
BRDA:290,16,0,-
BRDA:290,16,1,1
DA:291,1
DA:294,1
DA:295,1
DA:296,1
DA:298,1
FN:298,UniswapV2Router02.swapETHForExactTokens
FNDA:1,UniswapV2Router02.swapETHForExactTokens
DA:305,1
BRDA:305,17,0,-
BRDA:305,17,1,1
DA:306,1
DA:307,1
BRDA:307,18,0,-
BRDA:307,18,1,1
DA:308,1
DA:310,1
DA:311,1
DA:313,1
DA:314,1
BRDA:314,19,0,1
DA:319,0
FN:319,UniswapV2Router02._swapSupportingFeeOnTransferTokens
FNDA:0,UniswapV2Router02._swapSupportingFeeOnTransferTokens
DA:320,0
DA:321,0
DA:322,0
DA:323,0
DA:324,0
DA:325,0
DA:327,0
DA:328,0
DA:329,0
DA:330,0
DA:332,0
DA:333,0
DA:334,0
DA:337,0
FN:337,UniswapV2Router02.swapExactTokensForTokensSupportingFeeOnTransferTokens
FNDA:0,UniswapV2Router02.swapExactTokensForTokensSupportingFeeOnTransferTokens
DA:344,0
DA:347,0
DA:348,0
DA:349,0
BRDA:349,20,0,-
BRDA:349,20,1,-
DA:354,0
FN:354,UniswapV2Router02.swapExactETHForTokensSupportingFeeOnTransferTokens
FNDA:0,UniswapV2Router02.swapExactETHForTokensSupportingFeeOnTransferTokens
DA:366,0
BRDA:366,21,0,-
BRDA:366,21,1,-
DA:367,0
DA:368,0
DA:369,0
DA:370,0
DA:371,0
DA:372,0
BRDA:372,22,0,-
BRDA:372,22,1,-
DA:377,0
FN:377,UniswapV2Router02.swapExactTokensForETHSupportingFeeOnTransferTokens
FNDA:0,UniswapV2Router02.swapExactTokensForETHSupportingFeeOnTransferTokens
DA:389,0
BRDA:389,23,0,-
BRDA:389,23,1,-
DA:390,0
DA:393,0
DA:394,0
DA:395,0
BRDA:395,24,0,-
BRDA:395,24,1,-
DA:396,0
DA:397,0
DA:401,0
FN:401,UniswapV2Router02.quote
FNDA:0,UniswapV2Router02.quote
DA:402,0
DA:405,0
FN:405,UniswapV2Router02.getAmountOut
FNDA:0,UniswapV2Router02.getAmountOut
DA:412,0
DA:415,0
FN:415,UniswapV2Router02.getAmountIn
FNDA:0,UniswapV2Router02.getAmountIn
DA:422,0
DA:425,0
FN:425,UniswapV2Router02.getAmountsOut
FNDA:0,UniswapV2Router02.getAmountsOut
DA:432,0
DA:435,0
FN:435,UniswapV2Router02.getAmountsIn
FNDA:0,UniswapV2Router02.getAmountsIn
DA:442,0
FNF:28
FNH:19
LF:163
LH:110
BRF:47
BRH:16
end_of_record
TN:
SF:src/libraries/Math.sol
DA:6,0
FN:6,Math.min
FNDA:0,Math.min
DA:7,0
DA:11,16
FN:11,Math.sqrt
FNDA:16,Math.sqrt
DA:12,16
BRDA:12,0,0,16
BRDA:12,0,1,-
DA:13,16
DA:14,16
DA:15,1120
DA:16,1104
DA:17,1104
DA:19,0
BRDA:19,1,0,-
DA:20,0
FNF:2
FNH:1
LF:11
LH:7
BRF:3
BRH:1
end_of_record
TN:
SF:src/libraries/SafeMath.sol
DA:5,6
FN:5,SafeMath.add
FNDA:6,SafeMath.add
DA:6,6
BRDA:6,0,0,-
BRDA:6,0,1,6
DA:9,3
FN:9,SafeMath.sub
FNDA:3,SafeMath.sub
DA:10,3
BRDA:10,1,0,-
BRDA:10,1,1,3
DA:13,18
FN:13,SafeMath.mul
FNDA:18,SafeMath.mul
DA:14,18
BRDA:14,2,0,-
BRDA:14,2,1,18
DA:17,0
FN:17,SafeMath.max
FNDA:0,SafeMath.max
DA:18,0
DA:21,0
FN:21,SafeMath.max112
FNDA:0,SafeMath.max112
DA:22,0
FNF:5
FNH:3
LF:10
LH:6
BRF:6
BRH:3
end_of_record
TN:
SF:src/libraries/TransferHelper.sol
DA:5,0
FN:5,TransferHelper.safeApprove
FNDA:0,TransferHelper.safeApprove
DA:7,0
DA:8,0
BRDA:8,0,0,-
BRDA:8,0,1,-
DA:11,5
FN:11,TransferHelper.safeTransfer
FNDA:5,TransferHelper.safeTransfer
DA:13,5
DA:14,5
BRDA:14,1,0,-
BRDA:14,1,1,5
DA:17,22
FN:17,TransferHelper.safeTransferFrom
FNDA:22,TransferHelper.safeTransferFrom
DA:19,22
DA:20,22
BRDA:20,2,0,-
BRDA:20,2,1,22
DA:23,7
FN:23,TransferHelper.safeTransferETH
FNDA:7,TransferHelper.safeTransferETH
DA:24,7
DA:25,7
BRDA:25,3,0,-
BRDA:25,3,1,7
FNF:4
FNH:3
LF:12
LH:9
BRF:8
BRH:3
end_of_record
TN:
SF:src/libraries/UQ112x112.sol
DA:12,0
FN:12,UQ112x112.encode
FNDA:0,UQ112x112.encode
DA:13,0
DA:17,0
FN:17,UQ112x112.uqdiv
FNDA:0,UQ112x112.uqdiv
DA:18,0
FNF:2
FNH:0
LF:4
LH:0
BRF:0
BRH:0
end_of_record
TN:
SF:src/libraries/UniswapV2Library.sol
DA:12,84
FN:12,UniswapV2Library.sortTokens
FNDA:84,UniswapV2Library.sortTokens
DA:13,84
BRDA:13,0,0,-
BRDA:13,0,1,84
DA:14,84
DA:15,84
BRDA:15,1,0,-
BRDA:15,1,1,84
DA:19,53
FN:19,UniswapV2Library.pairFor
FNDA:53,UniswapV2Library.pairFor
DA:20,53
DA:21,53
DA:22,53
BRDA:22,2,0,-
BRDA:22,2,1,53
DA:26,19
FN:26,UniswapV2Library.getReserves
FNDA:19,UniswapV2Library.getReserves
DA:27,19
DA:28,19
DA:29,19
DA:33,0
FN:33,UniswapV2Library.quote
FNDA:0,UniswapV2Library.quote
DA:34,0
BRDA:34,3,0,-
BRDA:34,3,1,-
DA:35,0
BRDA:35,4,0,-
BRDA:35,4,1,-
DA:36,0
DA:40,3
FN:40,UniswapV2Library.getAmountOut
FNDA:3,UniswapV2Library.getAmountOut
DA:41,3
BRDA:41,5,0,-
BRDA:41,5,1,3
DA:42,3
BRDA:42,6,0,-
BRDA:42,6,1,3
DA:43,3
DA:44,3
DA:45,3
DA:46,3
DA:50,3
FN:50,UniswapV2Library.getAmountIn
FNDA:3,UniswapV2Library.getAmountIn
DA:51,3
BRDA:51,7,0,-
BRDA:51,7,1,3
DA:52,3
BRDA:52,8,0,-
BRDA:52,8,1,3
DA:53,3
DA:54,3
DA:55,3
DA:59,3
FN:59,UniswapV2Library.getAmountsOut
FNDA:3,UniswapV2Library.getAmountsOut
DA:60,3
BRDA:60,9,0,-
BRDA:60,9,1,3
DA:61,3
DA:62,3
DA:63,3
DA:64,3
DA:65,3
DA:70,3
FN:70,UniswapV2Library.getAmountsIn
FNDA:3,UniswapV2Library.getAmountsIn
DA:71,3
BRDA:71,10,0,-
BRDA:71,10,1,3
DA:72,3
DA:73,3
DA:74,3
DA:75,3
DA:76,3
FNF:8
FNH:7
LF:43
LH:39
BRF:22
BRH:9
end_of_record
TN:
SF:test/MockERC20.sol
DA:15,40
FN:15,MockERC20.constructor
FNDA:40,MockERC20.constructor
DA:16,40
DA:17,40
DA:18,40
DA:19,40
DA:20,40
DA:23,26
FN:23,MockERC20.transfer
FNDA:26,MockERC20.transfer
DA:24,26
BRDA:24,0,0,-
BRDA:24,0,1,26
DA:25,26
DA:26,26
DA:27,26
DA:28,26
DA:31,35
FN:31,MockERC20.approve
FNDA:35,MockERC20.approve
DA:32,35
DA:33,35
DA:34,35
DA:37,22
FN:37,MockERC20.transferFrom
FNDA:22,MockERC20.transferFrom
DA:38,22
BRDA:38,1,0,-
BRDA:38,1,1,22
DA:39,22
BRDA:39,2,0,-
BRDA:39,2,1,22
DA:40,22
DA:41,22
DA:42,22
DA:43,22
DA:44,22
FNF:4
FNH:4
LF:24
LH:24
BRF:6
BRH:3
end_of_record
TN:
SF:test/MockWETH.sol
DA:17,10
FN:17,MockWETH.deposit
FNDA:10,MockWETH.deposit
DA:18,10
DA:19,10
DA:20,10
DA:23,6
FN:23,MockWETH.withdraw
FNDA:6,MockWETH.withdraw
DA:24,6
BRDA:24,0,0,-
BRDA:24,0,1,6
DA:25,6
DA:26,6
DA:27,6
DA:28,6
DA:31,16
FN:31,MockWETH.transfer
FNDA:16,MockWETH.transfer
DA:32,16
BRDA:32,1,0,-
BRDA:32,1,1,16
DA:33,16
DA:34,16
DA:35,16
DA:36,16
DA:39,13
FN:39,MockWETH.approve
FNDA:13,MockWETH.approve
DA:40,13
DA:41,13
DA:42,13
DA:45,0
FN:45,MockWETH.transferFrom
FNDA:0,MockWETH.transferFrom
DA:46,0
BRDA:46,2,0,-
BRDA:46,2,1,-
DA:47,0
BRDA:47,3,0,-
BRDA:47,3,1,-
DA:48,0
DA:49,0
DA:50,0
DA:51,0
DA:52,0
FNF:5
FNH:4
LF:28
LH:20
BRF:8
BRH:2
end_of_record
